Using pre-set license
Built from '2020.3/staging' branch; Version is '2020.3.10f1 (297d780c91bc) revision 2719096'; Using compiler version '192528614'; Build Type 'Release'
OS: 'Windows 10 Pro; OS build 19042.1466; Version 2009; 64bit' Language: 'en' Physical Memory: 65165 MB
BatchMode: 1, IsHumanControllingUs: 0, StartBugReporterOnCrash: 0, Is64bit: 1, IsPro: 0

 COMMAND LINE ARGUMENTS:
C:\Program Files\Unity\Hub\Editor\2020.3.10f1\Editor\Unity.exe
-adb2
-batchMode
-noUpm
-name
AssetImportWorker0
-projectPath
C:/Users/knipper/Documents/Essentials 3D project
-logFile
Logs/AssetImportWorker0.log
-srvPort
53778
Successfully changed project path to: C:/Users/knipper/Documents/Essentials 3D project
C:/Users/knipper/Documents/Essentials 3D project
Using Asset Import Pipeline V2.
Refreshing native plugins compatible for Editor in 83.39 ms, found 2 plugins.
Preloading 0 native plugins for Editor in 0.00 ms.
Initialize engine version: 2020.3.10f1 (297d780c91bc)
[Subsystems] Discovering subsystems at path C:/Program Files/Unity/Hub/Editor/2020.3.10f1/Editor/Data/Resources/UnitySubsystems
[Subsystems] Discovering subsystems at path C:/Users/knipper/Documents/Essentials 3D project/Assets
GfxDevice: creating device client; threaded=0
Direct3D:
    Version:  Direct3D 11.0 [level 11.1]
    Renderer: NVIDIA Quadro RTX 5000 (ID=0x1eb5)
    Vendor:   
    VRAM:     16170 MB
    Driver:   27.21.14.5266
Initialize mono
Mono path[0] = 'C:/Program Files/Unity/Hub/Editor/2020.3.10f1/Editor/Data/Managed'
Mono path[1] = 'C:/Program Files/Unity/Hub/Editor/2020.3.10f1/Editor/Data/MonoBleedingEdge/lib/mono/unityjit'
Mono config path = 'C:/Program Files/Unity/Hub/Editor/2020.3.10f1/Editor/Data/MonoBleedingEdge/etc'
Using monoOptions --debugger-agent=transport=dt_socket,embedding=1,server=y,suspend=n,address=127.0.0.1:56572
Begin MonoManager ReloadAssembly
Registering precompiled unity dll's ...
Register platform support module: C:/Program Files/Unity/Hub/Editor/2020.3.10f1/Editor/Data/PlaybackEngines/WebGLSupport/UnityEditor.WebGL.Extensions.dll
Register platform support module: C:/Program Files/Unity/Hub/Editor/2020.3.10f1/Editor/Data/PlaybackEngines/WindowsStandaloneSupport/UnityEditor.WindowsStandalone.Extensions.dll
Registered in 0.162695 seconds.
Native extension for WindowsStandalone target not found
Native extension for WebGL target not found
Refreshing native plugins compatible for Editor in 21.76 ms, found 2 plugins.
Preloading 0 native plugins for Editor in 0.00 ms.
Mono: successfully reloaded assembly
- Completed reload, in  3.965 seconds
Platform modules already initialized, skipping
Registering precompiled user dll's ...
Registered in 0.433049 seconds.
Begin MonoManager ReloadAssembly
Native extension for WindowsStandalone target not found
Native extension for WebGL target not found
Refreshing native plugins compatible for Editor in 0.26 ms, found 2 plugins.
Preloading 0 native plugins for Editor in 0.00 ms.
Mono: successfully reloaded assembly
- Completed reload, in  2.699 seconds
Platform modules already initialized, skipping
========================================================================
Worker process is ready to serve import requests
Launched and connected shader compiler UnityShaderCompiler.exe after 0.06 seconds
Refreshing native plugins compatible for Editor in 0.26 ms, found 2 plugins.
Preloading 0 native plugins for Editor in 0.00 ms.
Unloading 1421 Unused Serialized files (Serialized files now loaded: 0)
System memory in use before: 65.8 MB.
System memory in use after: 65.8 MB.

Unloading 20 unused Assets to reduce memory usage. Loaded Objects now: 1853.
Total: 1.544600 ms (FindLiveObjects: 0.130200 ms CreateObjectMapping: 0.033900 ms MarkObjects: 1.321800 ms  DeleteObjects: 0.057900 ms)

========================================================================
Received Import Request.
  path: Assets/Materials/Herringbone_Brick_baseColor.mat
  artifactKey: Guid(3741319a28adde042957dc28d0387237) Importer(815301076,1909f56bfc062723c751e8b465ee728b)
Start importing Assets/Materials/Herringbone_Brick_baseColor.mat using Guid(3741319a28adde042957dc28d0387237) Importer(815301076,1909f56bfc062723c751e8b465ee728b)  -> (artifact id: 'ef7225f8b71af87c2a8f2d5f15b32e52') in 0.115978 seconds
  Import took 0.117911 seconds .

========================================================================
Received Import Request.
  Time since last request: 169.909006 seconds.
  path: Assets/Materials
  artifactKey: Guid(4d629660c5f02264a8446b12df9829f7) Importer(815301076,1909f56bfc062723c751e8b465ee728b)
Start importing Assets/Materials using Guid(4d629660c5f02264a8446b12df9829f7) Importer(815301076,1909f56bfc062723c751e8b465ee728b)  -> (artifact id: '1b4549e55ffa4b349becfccf9045fb7a') in 0.005465 seconds
  Import took 0.008241 seconds .

========================================================================
Received Import Request.
  Time since last request: 116.029816 seconds.
  path: Assets/Bouncy Ball.physicMaterial
  artifactKey: Guid(39f94f0f2894cbb45aede4e8b9c4aeaf) Importer(815301076,1909f56bfc062723c751e8b465ee728b)
Start importing Assets/Bouncy Ball.physicMaterial using Guid(39f94f0f2894cbb45aede4e8b9c4aeaf) Importer(815301076,1909f56bfc062723c751e8b465ee728b)  -> (artifact id: 'ba344e96521d1c99d1171fe0433ec90f') in 0.008737 seconds
  Import took 0.011549 seconds .

========================================================================
Received Prepare
Registering precompiled user dll's ...
Registered in 0.002750 seconds.
Begin MonoManager ReloadAssembly
Native extension for WindowsStandalone target not found
Native extension for WebGL target not found
Refreshing native plugins compatible for Editor in 0.26 ms, found 2 plugins.
Preloading 0 native plugins for Editor in 0.00 ms.
Mono: successfully reloaded assembly
- Completed reload, in  0.749 seconds
Platform modules already initialized, skipping
Refreshing native plugins compatible for Editor in 0.31 ms, found 2 plugins.
Preloading 0 native plugins for Editor in 0.00 ms.
Unloading 1416 Unused Serialized files (Serialized files now loaded: 0)
System memory in use before: 69.0 MB.
System memory in use after: 69.1 MB.

Unloading 15 unused Assets to reduce memory usage. Loaded Objects now: 1896.
Total: 1.532000 ms (FindLiveObjects: 0.113300 ms CreateObjectMapping: 0.033300 ms MarkObjects: 1.322700 ms  DeleteObjects: 0.041600 ms)

========================================================================
Received Import Request.
  Time since last request: 1158.263960 seconds.
  path: Assets/Bouncy Ball.physicMaterial
  artifactKey: Guid(39f94f0f2894cbb45aede4e8b9c4aeaf) Importer(815301076,1909f56bfc062723c751e8b465ee728b)
Start importing Assets/Bouncy Ball.physicMaterial using Guid(39f94f0f2894cbb45aede4e8b9c4aeaf) Importer(815301076,1909f56bfc062723c751e8b465ee728b)  -> (artifact id: '96bac13a50d0b53c27e8c6a49be8f6c8') in 0.012196 seconds
  Import took 0.015686 seconds .

========================================================================
Received Prepare
Registering precompiled user dll's ...
Registered in 0.003171 seconds.
Begin MonoManager ReloadAssembly
Native extension for WindowsStandalone target not found
Native extension for WebGL target not found
Refreshing native plugins compatible for Editor in 0.30 ms, found 2 plugins.
Preloading 0 native plugins for Editor in 0.00 ms.
Mono: successfully reloaded assembly
- Completed reload, in  0.818 seconds
Platform modules already initialized, skipping
Refreshing native plugins compatible for Editor in 0.29 ms, found 2 plugins.
Preloading 0 native plugins for Editor in 0.00 ms.
Unloading 1416 Unused Serialized files (Serialized files now loaded: 0)
System memory in use before: 69.1 MB.
System memory in use after: 69.2 MB.

Unloading 15 unused Assets to reduce memory usage. Loaded Objects now: 1899.
Total: 1.623600 ms (FindLiveObjects: 0.136500 ms CreateObjectMapping: 0.039000 ms MarkObjects: 1.401400 ms  DeleteObjects: 0.045900 ms)

========================================================================
Received Prepare
Registering precompiled user dll's ...
Registered in 0.003105 seconds.
Begin MonoManager ReloadAssembly
Native extension for WindowsStandalone target not found
Native extension for WebGL target not found
Refreshing native plugins compatible for Editor in 0.31 ms, found 2 plugins.
Preloading 0 native plugins for Editor in 0.00 ms.
Mono: successfully reloaded assembly
- Completed reload, in  0.990 seconds
Platform modules already initialized, skipping
Refreshing native plugins compatible for Editor in 0.29 ms, found 2 plugins.
Preloading 0 native plugins for Editor in 0.00 ms.
Unloading 1416 Unused Serialized files (Serialized files now loaded: 0)
System memory in use before: 69.1 MB.
System memory in use after: 69.2 MB.

Unloading 15 unused Assets to reduce memory usage. Loaded Objects now: 1902.
Total: 2.064000 ms (FindLiveObjects: 0.144200 ms CreateObjectMapping: 0.054900 ms MarkObjects: 1.798000 ms  DeleteObjects: 0.065600 ms)

========================================================================
Received Import Request.
  Time since last request: 1178.208023 seconds.
  path: Assets/Ground textures pack/Lava
  artifactKey: Guid(72b6a677be13bc74d9a82ef9108f20b9) Importer(815301076,1909f56bfc062723c751e8b465ee728b)
Start importing Assets/Ground textures pack/Lava using Guid(72b6a677be13bc74d9a82ef9108f20b9) Importer(815301076,1909f56bfc062723c751e8b465ee728b)  -> (artifact id: '7d380255ee04350c262786129e673721') in 0.011890 seconds
  Import took 0.016329 seconds .

========================================================================
Received Import Request.
  Time since last request: 3.024264 seconds.
  path: Assets/Ground textures pack/Lava/diffuse.tga
  artifactKey: Guid(cc2d009b31ce2134a9438a34a78632a0) Importer(815301076,1909f56bfc062723c751e8b465ee728b)
Start importing Assets/Ground textures pack/Lava/diffuse.tga using Guid(cc2d009b31ce2134a9438a34a78632a0) Importer(815301076,1909f56bfc062723c751e8b465ee728b)  -> (artifact id: '99ec9fed1d9a3eee46bb854bf0f5cefe') in 0.042201 seconds
  Import took 0.044724 seconds .

========================================================================
Received Import Request.
  Time since last request: 0.000215 seconds.
  path: Assets/Ground textures pack/Lava/preview.jpg
  artifactKey: Guid(70e8908fa6e673249ad9ff9cb1f1e13b) Importer(815301076,1909f56bfc062723c751e8b465ee728b)
Start importing Assets/Ground textures pack/Lava/preview.jpg using Guid(70e8908fa6e673249ad9ff9cb1f1e13b) Importer(815301076,1909f56bfc062723c751e8b465ee728b)  -> (artifact id: 'cf2ce949d63a59f8d213a17e724ff24b') in 0.020274 seconds
  Import took 0.023081 seconds .

========================================================================
Received Import Request.
  Time since last request: 0.000202 seconds.
  path: Assets/Ground textures pack/Lava/normal.tga
  artifactKey: Guid(d9327a0e08e4ab54284a5f31a7e7db5a) Importer(815301076,1909f56bfc062723c751e8b465ee728b)
Start importing Assets/Ground textures pack/Lava/normal.tga using Guid(d9327a0e08e4ab54284a5f31a7e7db5a) Importer(815301076,1909f56bfc062723c751e8b465ee728b)  -> (artifact id: 'a446e0d5a04c149667d1a3aa220a9346') in 0.022735 seconds
  Import took 0.024989 seconds .

========================================================================
Received Import Request.
  Time since last request: 0.000289 seconds.
  path: Assets/Ground textures pack/Lava/emissive.tga
  artifactKey: Guid(c65e186198f501046a0aba89c6335cac) Importer(815301076,1909f56bfc062723c751e8b465ee728b)
Start importing Assets/Ground textures pack/Lava/emissive.tga using Guid(c65e186198f501046a0aba89c6335cac) Importer(815301076,1909f56bfc062723c751e8b465ee728b)  -> (artifact id: '29f64dba741a1747a3ebf8d7263e8feb') in 0.012005 seconds
  Import took 0.014143 seconds .

========================================================================
Received Import Request.
  Time since last request: 0.000153 seconds.
  path: Assets/Ground textures pack/Lava/Lava pattern.mat
  artifactKey: Guid(42e26e838cb21e944aa7de2aae4edefc) Importer(815301076,1909f56bfc062723c751e8b465ee728b)
Start importing Assets/Ground textures pack/Lava/Lava pattern.mat using Guid(42e26e838cb21e944aa7de2aae4edefc) Importer(815301076,1909f56bfc062723c751e8b465ee728b)  -> (artifact id: 'ba72784ed82f4a9a57b1e78aec145b32') in 0.158497 seconds
  Import took 0.160502 seconds .

========================================================================
Received Prepare
Registering precompiled user dll's ...
Registered in 0.002884 seconds.
Begin MonoManager ReloadAssembly
Native extension for WindowsStandalone target not found
Native extension for WebGL target not found
Refreshing native plugins compatible for Editor in 0.26 ms, found 2 plugins.
Preloading 0 native plugins for Editor in 0.00 ms.
Mono: successfully reloaded assembly
- Completed reload, in  0.687 seconds
Platform modules already initialized, skipping
Refreshing native plugins compatible for Editor in 0.28 ms, found 2 plugins.
Preloading 0 native plugins for Editor in 0.00 ms.
Unloading 1416 Unused Serialized files (Serialized files now loaded: 0)
System memory in use before: 70.3 MB.
System memory in use after: 70.4 MB.

Unloading 15 unused Assets to reduce memory usage. Loaded Objects now: 1913.
Total: 1.414100 ms (FindLiveObjects: 0.129900 ms CreateObjectMapping: 0.034200 ms MarkObjects: 1.211100 ms  DeleteObjects: 0.038300 ms)

========================================================================
Received Import Request.
  Time since last request: 348.718641 seconds.
  path: Assets/Ground textures pack/Lava/Lava pattern.mat
  artifactKey: Guid(42e26e838cb21e944aa7de2aae4edefc) Importer(815301076,1909f56bfc062723c751e8b465ee728b)
Start importing Assets/Ground textures pack/Lava/Lava pattern.mat using Guid(42e26e838cb21e944aa7de2aae4edefc) Importer(815301076,1909f56bfc062723c751e8b465ee728b)  -> (artifact id: '2d42fceace5673af1a8f0845ecc5abb0') in 0.050128 seconds
  Import took 0.052368 seconds .

========================================================================
Received Import Request.
  Time since last request: 73.099617 seconds.
  path: Assets/Ground textures pack/Grass 01/preview.jpg
  artifactKey: Guid(c70f0b4ce904a324c8c6dbe6d66251e6) Importer(815301076,1909f56bfc062723c751e8b465ee728b)
Start importing Assets/Ground textures pack/Grass 01/preview.jpg using Guid(c70f0b4ce904a324c8c6dbe6d66251e6) Importer(815301076,1909f56bfc062723c751e8b465ee728b)  -> (artifact id: 'b959437d2c4ff040579f9ad33f25747e') in 0.013472 seconds
  Import took 0.015512 seconds .

========================================================================
Received Import Request.
  Time since last request: 0.008769 seconds.
  path: Assets/Ground textures pack/Grass & rocks/normal.tga
  artifactKey: Guid(e5895469fa6440e4a876bf0672599e59) Importer(815301076,1909f56bfc062723c751e8b465ee728b)
Start importing Assets/Ground textures pack/Grass & rocks/normal.tga using Guid(e5895469fa6440e4a876bf0672599e59) Importer(815301076,1909f56bfc062723c751e8b465ee728b)  -> (artifact id: 'b282f3071dfd9404c9f5fa53df74bd37') in 0.013530 seconds
  Import took 0.016379 seconds .

========================================================================
Received Import Request.
  Time since last request: 0.011945 seconds.
  path: Assets/Ground textures pack/Ground 02/Ground pattern 02.mat
  artifactKey: Guid(36508c771463abf43b7135d9539897e7) Importer(815301076,1909f56bfc062723c751e8b465ee728b)
Start importing Assets/Ground textures pack/Ground 02/Ground pattern 02.mat using Guid(36508c771463abf43b7135d9539897e7) Importer(815301076,1909f56bfc062723c751e8b465ee728b)  -> (artifact id: 'a82c78a8eb2e81884a60ebdf143671f2') in 0.104314 seconds
  Import took 0.106698 seconds .

========================================================================
Received Import Request.
  Time since last request: 0.004687 seconds.
  path: Assets/Ground textures pack/Grass & dead leafs 01/preview.jpg
  artifactKey: Guid(9f425c22a471a47459e192cb7dafd4c5) Importer(815301076,1909f56bfc062723c751e8b465ee728b)
Start importing Assets/Ground textures pack/Grass & dead leafs 01/preview.jpg using Guid(9f425c22a471a47459e192cb7dafd4c5) Importer(815301076,1909f56bfc062723c751e8b465ee728b)  -> (artifact id: '522f2b3f927dbbefddf2d6484603af26') in 0.007438 seconds
  Import took 0.009319 seconds .

========================================================================
Received Import Request.
  Time since last request: 0.004647 seconds.
  path: Assets/Ground textures pack/Grass 01/Grass pattern 01.mat
  artifactKey: Guid(2c6f5ab601d22834883d3c7e18f8be41) Importer(815301076,1909f56bfc062723c751e8b465ee728b)
Start importing Assets/Ground textures pack/Grass 01/Grass pattern 01.mat using Guid(2c6f5ab601d22834883d3c7e18f8be41) Importer(815301076,1909f56bfc062723c751e8b465ee728b)  -> (artifact id: '9c90d6a5f4c97ff59203f9d47b4ac506') in 0.012062 seconds
  Import took 0.014061 seconds .

========================================================================
Received Import Request.
  Time since last request: 0.003356 seconds.
  path: Assets/Ground textures pack/Grass 06
  artifactKey: Guid(d3f59655858805e4688894ffe8b060d3) Importer(815301076,1909f56bfc062723c751e8b465ee728b)
Start importing Assets/Ground textures pack/Grass 06 using Guid(d3f59655858805e4688894ffe8b060d3) Importer(815301076,1909f56bfc062723c751e8b465ee728b)  -> (artifact id: 'd4c92e2e79790b4544a7ffa2d3eeb88a') in 0.004247 seconds
  Import took 0.006078 seconds .

========================================================================
Received Import Request.
  Time since last request: 0.004799 seconds.
  path: Assets/Ground textures pack/Ground & rocks 02/normal.tga
  artifactKey: Guid(1ce8744130c8d5542bb1f6e380e35a7e) Importer(815301076,1909f56bfc062723c751e8b465ee728b)
Start importing Assets/Ground textures pack/Ground & rocks 02/normal.tga using Guid(1ce8744130c8d5542bb1f6e380e35a7e) Importer(815301076,1909f56bfc062723c751e8b465ee728b)  -> (artifact id: 'a9ff7d9f43968e16a61dce61b86bad36') in 0.009503 seconds
  Import took 0.011359 seconds .

========================================================================
Received Import Request.
  Time since last request: 0.006088 seconds.
  path: Assets/Ground textures pack/Grass 04/diffuse.tga
  artifactKey: Guid(e939889a01ba73f4c9f41bb8d6d79d5f) Importer(815301076,1909f56bfc062723c751e8b465ee728b)
Start importing Assets/Ground textures pack/Grass 04/diffuse.tga using Guid(e939889a01ba73f4c9f41bb8d6d79d5f) Importer(815301076,1909f56bfc062723c751e8b465ee728b)  -> (artifact id: '797efff98866a578271891035d775968') in 0.010141 seconds
  Import took 0.012194 seconds .

========================================================================
Received Import Request.
  Time since last request: 0.006051 seconds.
  path: Assets/Ground textures pack/Ground & rocks 03/normal.tga
  artifactKey: Guid(cff344200e51614498e78e8f88d54273) Importer(815301076,1909f56bfc062723c751e8b465ee728b)
Start importing Assets/Ground textures pack/Ground & rocks 03/normal.tga using Guid(cff344200e51614498e78e8f88d54273) Importer(815301076,1909f56bfc062723c751e8b465ee728b)  -> (artifact id: '329a17ab151db950c28d7e480ba9b37e') in 0.011462 seconds
  Import took 0.013950 seconds .

========================================================================
Received Import Request.
  Time since last request: 0.006178 seconds.
  path: Assets/Ground textures pack/Grass & dead leafs 01/normal.tga
  artifactKey: Guid(ae0e7acc3616ba441a70994eb662f6e3) Importer(815301076,1909f56bfc062723c751e8b465ee728b)
Start importing Assets/Ground textures pack/Grass & dead leafs 01/normal.tga using Guid(ae0e7acc3616ba441a70994eb662f6e3) Importer(815301076,1909f56bfc062723c751e8b465ee728b)  -> (artifact id: '362148fc4f06fab29027f0137663832c') in 0.010116 seconds
  Import took 0.012436 seconds .

========================================================================
Received Import Request.
  Time since last request: 0.003297 seconds.
  path: Assets/Ground textures pack/Grass & dead leafs 01
  artifactKey: Guid(0386b97582faeb942a5d8bb0be1e11c4) Importer(815301076,1909f56bfc062723c751e8b465ee728b)
Start importing Assets/Ground textures pack/Grass & dead leafs 01 using Guid(0386b97582faeb942a5d8bb0be1e11c4) Importer(815301076,1909f56bfc062723c751e8b465ee728b)  -> (artifact id: 'e5a3516b7cbea3078574b8b78f48f2de') in 0.004743 seconds
  Import took 0.007228 seconds .

========================================================================
Received Import Request.
  Time since last request: 0.004758 seconds.
  path: Assets/Ground textures pack/Grass 03/preview.jpg
  artifactKey: Guid(9074a9b5ce95d5b4eb1a31e80b0a0a41) Importer(815301076,1909f56bfc062723c751e8b465ee728b)
Start importing Assets/Ground textures pack/Grass 03/preview.jpg using Guid(9074a9b5ce95d5b4eb1a31e80b0a0a41) Importer(815301076,1909f56bfc062723c751e8b465ee728b)  -> (artifact id: 'f8636a6877083af30b6f4b172c7e5c89') in 0.008610 seconds
  Import took 0.010925 seconds .

========================================================================
Received Import Request.
  Time since last request: 0.006240 seconds.
  path: Assets/Ground textures pack/Dry ground/diffuse.tga
  artifactKey: Guid(f5d1de47f0f760544a5596ceb8cc895f) Importer(815301076,1909f56bfc062723c751e8b465ee728b)
Start importing Assets/Ground textures pack/Dry ground/diffuse.tga using Guid(f5d1de47f0f760544a5596ceb8cc895f) Importer(815301076,1909f56bfc062723c751e8b465ee728b)  -> (artifact id: 'e6057c720a8e631672840ccc4e8c1ac1') in 0.008642 seconds
  Import took 0.010822 seconds .

========================================================================
Received Import Request.
  Time since last request: 0.003159 seconds.
  path: Assets/Ground textures pack/Ground & moss
  artifactKey: Guid(e1af3c57f8a27534e84cf4c90c82ef07) Importer(815301076,1909f56bfc062723c751e8b465ee728b)
Start importing Assets/Ground textures pack/Ground & moss using Guid(e1af3c57f8a27534e84cf4c90c82ef07) Importer(815301076,1909f56bfc062723c751e8b465ee728b)  -> (artifact id: '7d38c2c0ee39edded80ffbfa9d4b4a85') in 0.004299 seconds
  Import took 0.006176 seconds .

========================================================================
Received Import Request.
  Time since last request: 0.002656 seconds.
  path: Assets/Ground textures pack/Grass 04
  artifactKey: Guid(4850666c55c2da146961ee2a6020765b) Importer(815301076,1909f56bfc062723c751e8b465ee728b)
Start importing Assets/Ground textures pack/Grass 04 using Guid(4850666c55c2da146961ee2a6020765b) Importer(815301076,1909f56bfc062723c751e8b465ee728b)  -> (artifact id: 'c1ac96e00e1f0f8431422c5d6a9f3672') in 0.004465 seconds
  Import took 0.006346 seconds .

========================================================================
Received Import Request.
  Time since last request: 0.003489 seconds.
  path: Assets/Ground textures pack/Ground & rocks 02/Ground & rocks pattern 02.mat
  artifactKey: Guid(e7268e596932cb541834f57d320a4677) Importer(815301076,1909f56bfc062723c751e8b465ee728b)
Start importing Assets/Ground textures pack/Ground & rocks 02/Ground & rocks pattern 02.mat using Guid(e7268e596932cb541834f57d320a4677) Importer(815301076,1909f56bfc062723c751e8b465ee728b)  -> (artifact id: '8f4c1b1b051504c101196951d762bc5e') in 0.012761 seconds
  Import took 0.015248 seconds .

========================================================================
Received Import Request.
  Time since last request: 0.004530 seconds.
  path: Assets/Ground textures pack/Ground & rocks 03/Ground & rocks pattern 03.mat
  artifactKey: Guid(bce0cd8cdfffc2a41b798316325a24d2) Importer(815301076,1909f56bfc062723c751e8b465ee728b)
Start importing Assets/Ground textures pack/Ground & rocks 03/Ground & rocks pattern 03.mat using Guid(bce0cd8cdfffc2a41b798316325a24d2) Importer(815301076,1909f56bfc062723c751e8b465ee728b)  -> (artifact id: 'cdc463346b1284957dd5566b81c38ffa') in 0.013107 seconds
  Import took 0.015092 seconds .

========================================================================
Received Import Request.
  Time since last request: 0.011238 seconds.
  path: Assets/Ground textures pack/Grass 03/diffuse.tga
  artifactKey: Guid(e9866699a4ddce642b7da4aeaa74d279) Importer(815301076,1909f56bfc062723c751e8b465ee728b)
Start importing Assets/Ground textures pack/Grass 03/diffuse.tga using Guid(e9866699a4ddce642b7da4aeaa74d279) Importer(815301076,1909f56bfc062723c751e8b465ee728b)  -> (artifact id: '078614f55df2723917046eb505a913c1') in 0.010681 seconds
  Import took 0.013044 seconds .

========================================================================
Received Import Request.
  Time since last request: 0.003478 seconds.
  path: Assets/Ground textures pack/Ground 01
  artifactKey: Guid(75003540f8e80d04cb89d9b9c3dcec8b) Importer(815301076,1909f56bfc062723c751e8b465ee728b)
Start importing Assets/Ground textures pack/Ground 01 using Guid(75003540f8e80d04cb89d9b9c3dcec8b) Importer(815301076,1909f56bfc062723c751e8b465ee728b)  -> (artifact id: 'f1215785fd0e1e2899510dbd340a1667') in 0.004405 seconds
  Import took 0.006885 seconds .

========================================================================
Received Import Request.
  Time since last request: 0.004435 seconds.
  path: Assets/Ground textures pack/Grass & dead leafs 01/Grass & dead leafs pattern 01.mat
  artifactKey: Guid(893960384de673345a82517892b28bc7) Importer(815301076,1909f56bfc062723c751e8b465ee728b)
Start importing Assets/Ground textures pack/Grass & dead leafs 01/Grass & dead leafs pattern 01.mat using Guid(893960384de673345a82517892b28bc7) Importer(815301076,1909f56bfc062723c751e8b465ee728b)  -> (artifact id: '29f1e52d78d105f44d0b86958c34aa30') in 0.108718 seconds
  Import took 0.111098 seconds .

========================================================================
Received Import Request.
  Time since last request: 0.005688 seconds.
  path: Assets/Ground textures pack/Ground 02/preview.jpg
  artifactKey: Guid(37779bd72b60e0d4395ece867eb81c63) Importer(815301076,1909f56bfc062723c751e8b465ee728b)
Start importing Assets/Ground textures pack/Ground 02/preview.jpg using Guid(37779bd72b60e0d4395ece867eb81c63) Importer(815301076,1909f56bfc062723c751e8b465ee728b)  -> (artifact id: '23bc1cb65addd4e9dee56d980a78c848') in 0.008972 seconds
  Import took 0.010920 seconds .

========================================================================
Received Import Request.
  Time since last request: 0.006369 seconds.
  path: Assets/Ground textures pack/Ground 02/normal.tga
  artifactKey: Guid(bf5346a62bd7d0b43a30d8188cf4163e) Importer(815301076,1909f56bfc062723c751e8b465ee728b)
Start importing Assets/Ground textures pack/Ground 02/normal.tga using Guid(bf5346a62bd7d0b43a30d8188cf4163e) Importer(815301076,1909f56bfc062723c751e8b465ee728b)  -> (artifact id: '7b276cea1aa93dd56ffc0fea7588549a') in 0.009848 seconds
  Import took 0.011763 seconds .

========================================================================
Received Import Request.
  Time since last request: 0.005113 seconds.
  path: Assets/Ground textures pack/Lava/Materials/emissive.mat
  artifactKey: Guid(cb82d18232275894286321959bf6b94c) Importer(815301076,1909f56bfc062723c751e8b465ee728b)
Start importing Assets/Ground textures pack/Lava/Materials/emissive.mat using Guid(cb82d18232275894286321959bf6b94c) Importer(815301076,1909f56bfc062723c751e8b465ee728b)  -> (artifact id: '8d2f1f9dfe00fcbddd23aa5f107cc744') in 0.011881 seconds
  Import took 0.013852 seconds .

========================================================================
Received Import Request.
  Time since last request: 0.005047 seconds.
  path: Assets/Ground textures pack/Grass 03/Grass pattern 03.mat
  artifactKey: Guid(d86005a29439b7541ade84523818db1a) Importer(815301076,1909f56bfc062723c751e8b465ee728b)
Start importing Assets/Ground textures pack/Grass 03/Grass pattern 03.mat using Guid(d86005a29439b7541ade84523818db1a) Importer(815301076,1909f56bfc062723c751e8b465ee728b)  -> (artifact id: 'b76777d685cd91b97ff4e1a4c84315ff') in 0.014265 seconds
  Import took 0.016373 seconds .

========================================================================
Received Import Request.
  Time since last request: 0.005401 seconds.
  path: Assets/Ground textures pack/Ground & moss/preview.jpg
  artifactKey: Guid(89b1108068912fd4e81b047cbe3a5182) Importer(815301076,1909f56bfc062723c751e8b465ee728b)
Start importing Assets/Ground textures pack/Ground & moss/preview.jpg using Guid(89b1108068912fd4e81b047cbe3a5182) Importer(815301076,1909f56bfc062723c751e8b465ee728b)  -> (artifact id: '37e727479e1a035503088f98c7cebb3b') in 0.009393 seconds
  Import took 0.011756 seconds .

========================================================================
Received Import Request.
  Time since last request: 0.005106 seconds.
  path: Assets/Ground textures pack/Ground & moss/Ground & moss pattern.mat
  artifactKey: Guid(5558b5711d37782468eeee5c2880e7d8) Importer(815301076,1909f56bfc062723c751e8b465ee728b)
Start importing Assets/Ground textures pack/Ground & moss/Ground & moss pattern.mat using Guid(5558b5711d37782468eeee5c2880e7d8) Importer(815301076,1909f56bfc062723c751e8b465ee728b)  -> (artifact id: '8d58b7e631ebc649faee8f4d18de6d32') in 0.014426 seconds
  Import took 0.016820 seconds .

========================================================================
Received Import Request.
  Time since last request: 0.003534 seconds.
  path: Assets/Ground textures pack/Ground & rocks 01
  artifactKey: Guid(a679dc75e589b0f4bb10fb7ace01292d) Importer(815301076,1909f56bfc062723c751e8b465ee728b)
Start importing Assets/Ground textures pack/Ground & rocks 01 using Guid(a679dc75e589b0f4bb10fb7ace01292d) Importer(815301076,1909f56bfc062723c751e8b465ee728b)  -> (artifact id: 'd31bbedbe23092da3f41edd2790a848f') in 0.004925 seconds
  Import took 0.007357 seconds .

========================================================================
Received Import Request.
  Time since last request: 0.005718 seconds.
  path: Assets/Ground textures pack/Dry ground/normal.tga
  artifactKey: Guid(af579c7a89d15d24eb8c925a43a236cf) Importer(815301076,1909f56bfc062723c751e8b465ee728b)
Start importing Assets/Ground textures pack/Dry ground/normal.tga using Guid(af579c7a89d15d24eb8c925a43a236cf) Importer(815301076,1909f56bfc062723c751e8b465ee728b)  -> (artifact id: 'b9ae1c09a289eafc941964d590c55230') in 0.011664 seconds
  Import took 0.013961 seconds .

========================================================================
Received Import Request.
  Time since last request: 0.006121 seconds.
  path: Assets/Ground textures pack/Grass 01/normal.tga
  artifactKey: Guid(0c3232df383d7984ab0e87bf7c42aadb) Importer(815301076,1909f56bfc062723c751e8b465ee728b)
Start importing Assets/Ground textures pack/Grass 01/normal.tga using Guid(0c3232df383d7984ab0e87bf7c42aadb) Importer(815301076,1909f56bfc062723c751e8b465ee728b)  -> (artifact id: 'b27c14c25cc7e9966fdf78a776f6e2bc') in 0.009993 seconds
  Import took 0.012269 seconds .

========================================================================
Received Import Request.
  Time since last request: 0.003190 seconds.
  path: Assets/Scenes
  artifactKey: Guid(0e6393521847bea4fbd5bc159df17b29) Importer(815301076,1909f56bfc062723c751e8b465ee728b)
Start importing Assets/Scenes using Guid(0e6393521847bea4fbd5bc159df17b29) Importer(815301076,1909f56bfc062723c751e8b465ee728b)  -> (artifact id: '13b7aa6743c6d80ab7aa9bf9c214c8e8') in 0.006030 seconds
  Import took 0.008796 seconds .

========================================================================
Received Import Request.
  Time since last request: 0.010911 seconds.
  path: Assets/Ground textures pack/Dry ground/preview.jpg
  artifactKey: Guid(4602e8f26b3f5b24d8e4fd1af5e63cfb) Importer(815301076,1909f56bfc062723c751e8b465ee728b)
Start importing Assets/Ground textures pack/Dry ground/preview.jpg using Guid(4602e8f26b3f5b24d8e4fd1af5e63cfb) Importer(815301076,1909f56bfc062723c751e8b465ee728b)  -> (artifact id: '13dcee8cc2657162e641450ee01bc8e6') in 0.008658 seconds
  Import took 0.010648 seconds .

========================================================================
Received Import Request.
  Time since last request: 0.004618 seconds.
  path: Assets/Ground textures pack/Grass 05/Grass pattern 05.mat
  artifactKey: Guid(49c3c02661a83fd42b33859cfbf9a17d) Importer(815301076,1909f56bfc062723c751e8b465ee728b)
Start importing Assets/Ground textures pack/Grass 05/Grass pattern 05.mat using Guid(49c3c02661a83fd42b33859cfbf9a17d) Importer(815301076,1909f56bfc062723c751e8b465ee728b)  -> (artifact id: '76d6fc2605234c540c52284f2ff1ffa5') in 0.012927 seconds
  Import took 0.015445 seconds .

========================================================================
Received Import Request.
  Time since last request: 0.003549 seconds.
  path: Assets/Ground textures pack/Lava/Materials
  artifactKey: Guid(450d24d3d878d5a489d9d0e9a7149759) Importer(815301076,1909f56bfc062723c751e8b465ee728b)
Start importing Assets/Ground textures pack/Lava/Materials using Guid(450d24d3d878d5a489d9d0e9a7149759) Importer(815301076,1909f56bfc062723c751e8b465ee728b)  -> (artifact id: '6be5a10bf2821c156bb56f93fd098507') in 0.001703 seconds
  Import took 0.004095 seconds .

========================================================================
Received Import Request.
  Time since last request: 0.004400 seconds.
  path: Assets/Ground textures pack/Grass & dead leafs 02/Grass & dead leafs pattern 02.mat
  artifactKey: Guid(020b997e4fa23c74297e208cd649319c) Importer(815301076,1909f56bfc062723c751e8b465ee728b)
Start importing Assets/Ground textures pack/Grass & dead leafs 02/Grass & dead leafs pattern 02.mat using Guid(020b997e4fa23c74297e208cd649319c) Importer(815301076,1909f56bfc062723c751e8b465ee728b)  -> (artifact id: '9765e75334ad37fcd97aa2b0c545511f') in 0.013395 seconds
  Import took 0.015628 seconds .

========================================================================
Received Import Request.
  Time since last request: 0.006927 seconds.
  path: Assets/Ground textures pack/Grass 01/diffuse.tga
  artifactKey: Guid(a51044dfe95257548b466bc35528b878) Importer(815301076,1909f56bfc062723c751e8b465ee728b)
Start importing Assets/Ground textures pack/Grass 01/diffuse.tga using Guid(a51044dfe95257548b466bc35528b878) Importer(815301076,1909f56bfc062723c751e8b465ee728b)  -> (artifact id: '4f50d08cd5c5e6e1b3db9567741a4401') in 0.011063 seconds
  Import took 0.013959 seconds .

========================================================================
Received Import Request.
  Time since last request: 0.003934 seconds.
  path: Assets/Ground textures pack/Grass 05
  artifactKey: Guid(ef8e60ede33324444890a5eabf09c0d8) Importer(815301076,1909f56bfc062723c751e8b465ee728b)
Start importing Assets/Ground textures pack/Grass 05 using Guid(ef8e60ede33324444890a5eabf09c0d8) Importer(815301076,1909f56bfc062723c751e8b465ee728b)  -> (artifact id: '7b409d0e7e7f1882e92e084b12d682b5') in 0.006132 seconds
  Import took 0.008443 seconds .

========================================================================
Received Import Request.
  Time since last request: 0.006091 seconds.
  path: Assets/Ground textures pack/Ground 01/diffuse.tga
  artifactKey: Guid(eafd0beb9c624d34f812be7d14134c2f) Importer(815301076,1909f56bfc062723c751e8b465ee728b)
Start importing Assets/Ground textures pack/Ground 01/diffuse.tga using Guid(eafd0beb9c624d34f812be7d14134c2f) Importer(815301076,1909f56bfc062723c751e8b465ee728b)  -> (artifact id: 'e478ea386767ed890e5d6625f0f2a4be') in 0.010851 seconds
  Import took 0.013089 seconds .

========================================================================
Received Import Request.
  Time since last request: 0.006882 seconds.
  path: Assets/Ground textures pack/Grass 06/diffuse.tga
  artifactKey: Guid(f3c7e12938d22604eb51dc02b394dd80) Importer(815301076,1909f56bfc062723c751e8b465ee728b)
Start importing Assets/Ground textures pack/Grass 06/diffuse.tga using Guid(f3c7e12938d22604eb51dc02b394dd80) Importer(815301076,1909f56bfc062723c751e8b465ee728b)  -> (artifact id: 'acbfb7fd28c4daf69e3b63fa6ec6d616') in 0.011629 seconds
  Import took 0.014527 seconds .

========================================================================
Received Import Request.
  Time since last request: 0.003190 seconds.
  path: Assets/Ground textures pack/Dry ground
  artifactKey: Guid(138bef21ce53d7f468489a7ba17ab626) Importer(815301076,1909f56bfc062723c751e8b465ee728b)
Start importing Assets/Ground textures pack/Dry ground using Guid(138bef21ce53d7f468489a7ba17ab626) Importer(815301076,1909f56bfc062723c751e8b465ee728b)  -> (artifact id: '7dc147e32b8c0a56bbe3d98a8f57aad9') in 0.005313 seconds
  Import took 0.007759 seconds .

========================================================================
Received Import Request.
  Time since last request: 0.004515 seconds.
  path: Assets/Ground textures pack/Grass 04/preview.jpg
  artifactKey: Guid(023e18c83e08fe848a850693dc1cf60a) Importer(815301076,1909f56bfc062723c751e8b465ee728b)
Start importing Assets/Ground textures pack/Grass 04/preview.jpg using Guid(023e18c83e08fe848a850693dc1cf60a) Importer(815301076,1909f56bfc062723c751e8b465ee728b)  -> (artifact id: 'e9276386329e7299072f4449a9878c60') in 0.009297 seconds
  Import took 0.011767 seconds .

========================================================================
Received Import Request.
  Time since last request: 0.006462 seconds.
  path: Assets/Ground textures pack/Ground & weeds/normal.tga
  artifactKey: Guid(aaf8aa487d001f44f9726eb6ee77d298) Importer(815301076,1909f56bfc062723c751e8b465ee728b)
Start importing Assets/Ground textures pack/Ground & weeds/normal.tga using Guid(aaf8aa487d001f44f9726eb6ee77d298) Importer(815301076,1909f56bfc062723c751e8b465ee728b)  -> (artifact id: '3c3d47bb391ffc0578cc5ea33f3fc711') in 0.011269 seconds
  Import took 0.013770 seconds .

========================================================================
Received Import Request.
  Time since last request: 0.003321 seconds.
  path: Assets/Ground textures pack/Grass & rocks
  artifactKey: Guid(0eecd975166c3114fb5341b65b5b016e) Importer(815301076,1909f56bfc062723c751e8b465ee728b)
Start importing Assets/Ground textures pack/Grass & rocks using Guid(0eecd975166c3114fb5341b65b5b016e) Importer(815301076,1909f56bfc062723c751e8b465ee728b)  -> (artifact id: '76930fab02fa12b4cd7d58dfb26952f2') in 0.004969 seconds
  Import took 0.007212 seconds .

========================================================================
Received Import Request.
  Time since last request: 0.004442 seconds.
  path: Assets/Ground textures pack/Grass 02/Grass pattern 02.mat
  artifactKey: Guid(15654a743eccf384fb2312048db767f0) Importer(815301076,1909f56bfc062723c751e8b465ee728b)
Start importing Assets/Ground textures pack/Grass 02/Grass pattern 02.mat using Guid(15654a743eccf384fb2312048db767f0) Importer(815301076,1909f56bfc062723c751e8b465ee728b)  -> (artifact id: '643df2cf0aec8cdf5e638505bee10af3') in 0.013321 seconds
  Import took 0.015976 seconds .

========================================================================
Received Import Request.
  Time since last request: 0.006358 seconds.
  path: Assets/Ground textures pack/Grass 04/normal.tga
  artifactKey: Guid(764d3e4236eef804e831508161d4411f) Importer(815301076,1909f56bfc062723c751e8b465ee728b)
Start importing Assets/Ground textures pack/Grass 04/normal.tga using Guid(764d3e4236eef804e831508161d4411f) Importer(815301076,1909f56bfc062723c751e8b465ee728b)  -> (artifact id: 'bf022743c7586c4fcf19324f8a2d22ea') in 0.010633 seconds
  Import took 0.013109 seconds .

========================================================================
Received Import Request.
  Time since last request: 0.006328 seconds.
  path: Assets/Ground textures pack/Grass & dead leafs 01/diffuse.tga
  artifactKey: Guid(46c9b2c471a59f24cbe88eae93a32f60) Importer(815301076,1909f56bfc062723c751e8b465ee728b)
Start importing Assets/Ground textures pack/Grass & dead leafs 01/diffuse.tga using Guid(46c9b2c471a59f24cbe88eae93a32f60) Importer(815301076,1909f56bfc062723c751e8b465ee728b)  -> (artifact id: '07af939ad62f7d5182787d8ce1ca0c53') in 0.010106 seconds
  Import took 0.012602 seconds .

========================================================================
Received Import Request.
  Time since last request: 0.004773 seconds.
  path: Assets/Ground textures pack/Ground & rocks 01/Ground & rocks pattern 01.mat
  artifactKey: Guid(224de5a1c3ba5f948af30bd7826e4666) Importer(815301076,1909f56bfc062723c751e8b465ee728b)
Start importing Assets/Ground textures pack/Ground & rocks 01/Ground & rocks pattern 01.mat using Guid(224de5a1c3ba5f948af30bd7826e4666) Importer(815301076,1909f56bfc062723c751e8b465ee728b)  -> (artifact id: 'eb91f074d5d1ea3253ab80a47c32eddf') in 0.012571 seconds
  Import took 0.015059 seconds .

========================================================================
Received Import Request.
  Time since last request: 0.007270 seconds.
  path: Assets/Ground textures pack/Ground & rocks 01/normal.tga
  artifactKey: Guid(7d7d59aaca791d54c9726e6b4e1feb61) Importer(815301076,1909f56bfc062723c751e8b465ee728b)
Start importing Assets/Ground textures pack/Ground & rocks 01/normal.tga using Guid(7d7d59aaca791d54c9726e6b4e1feb61) Importer(815301076,1909f56bfc062723c751e8b465ee728b)  -> (artifact id: '205f96539baeb9c3e25ce6cd4600eff7') in 0.011035 seconds
  Import took 0.013774 seconds .

========================================================================
Received Import Request.
  Time since last request: 0.005158 seconds.
  path: Assets/Ground textures pack/Ground & rocks 03/preview.jpg
  artifactKey: Guid(451182d55aea8cb4e90af164a14e8bee) Importer(815301076,1909f56bfc062723c751e8b465ee728b)
Start importing Assets/Ground textures pack/Ground & rocks 03/preview.jpg using Guid(451182d55aea8cb4e90af164a14e8bee) Importer(815301076,1909f56bfc062723c751e8b465ee728b)  -> (artifact id: 'a2893dbda20f85231de563f7c92cecac') in 0.008961 seconds
  Import took 0.011021 seconds .

========================================================================
Received Import Request.
  Time since last request: 0.002907 seconds.
  path: Assets/Ground textures pack/Grass 02
  artifactKey: Guid(cc4c056a0cd2e244f8de16ade439cd6f) Importer(815301076,1909f56bfc062723c751e8b465ee728b)
Start importing Assets/Ground textures pack/Grass 02 using Guid(cc4c056a0cd2e244f8de16ade439cd6f) Importer(815301076,1909f56bfc062723c751e8b465ee728b)  -> (artifact id: '7c0b860d7c27c8b71c39af6e464933c5') in 0.005088 seconds
  Import took 0.007839 seconds .

========================================================================
Received Import Request.
  Time since last request: 0.009324 seconds.
  path: Assets/Ground textures pack/Grass 05/preview.jpg
  artifactKey: Guid(3f700d4069d83574ea6db821b3f8c561) Importer(815301076,1909f56bfc062723c751e8b465ee728b)
Start importing Assets/Ground textures pack/Grass 05/preview.jpg using Guid(3f700d4069d83574ea6db821b3f8c561) Importer(815301076,1909f56bfc062723c751e8b465ee728b)  -> (artifact id: '8d62c6917708b671f42aa9e24d3fd01d') in 0.009496 seconds
  Import took 0.012204 seconds .

========================================================================
Received Import Request.
  Time since last request: 0.005402 seconds.
  path: Assets/Ground textures pack/Dry ground/Dry ground pattern.mat
  artifactKey: Guid(d805d830c4023774cb6259aca09f431e) Importer(815301076,1909f56bfc062723c751e8b465ee728b)
Start importing Assets/Ground textures pack/Dry ground/Dry ground pattern.mat using Guid(d805d830c4023774cb6259aca09f431e) Importer(815301076,1909f56bfc062723c751e8b465ee728b)  -> (artifact id: '89a63d69788c2e13e99925663cb659ab') in 0.013476 seconds
  Import took 0.016126 seconds .

========================================================================
Received Import Request.
  Time since last request: 0.004865 seconds.
  path: Assets/Ground textures pack/Grass 04/Grass pattern 04.mat
  artifactKey: Guid(059cceb0ba6e50741bfe6ec2c755d5f4) Importer(815301076,1909f56bfc062723c751e8b465ee728b)
Start importing Assets/Ground textures pack/Grass 04/Grass pattern 04.mat using Guid(059cceb0ba6e50741bfe6ec2c755d5f4) Importer(815301076,1909f56bfc062723c751e8b465ee728b)  -> (artifact id: '0a0218c3d67404e6bc566b1eeb1b3b84') in 0.014682 seconds
  Import took 0.017583 seconds .

========================================================================
Received Import Request.
  Time since last request: 0.003312 seconds.
  path: Assets/Ground textures pack/Grass & dead leafs 02
  artifactKey: Guid(9e0a37808e5efd441b77cde14c4a79ca) Importer(815301076,1909f56bfc062723c751e8b465ee728b)
Start importing Assets/Ground textures pack/Grass & dead leafs 02 using Guid(9e0a37808e5efd441b77cde14c4a79ca) Importer(815301076,1909f56bfc062723c751e8b465ee728b)  -> (artifact id: '7c239578e4edd036f5fbee170283b463') in 0.004729 seconds
  Import took 0.007246 seconds .

========================================================================
Received Import Request.
  Time since last request: 0.005919 seconds.
  path: Assets/Ground textures pack/Ground & moss/diffuse.tga
  artifactKey: Guid(62bf058d0f2f5df4da1f61da15013f34) Importer(815301076,1909f56bfc062723c751e8b465ee728b)
Start importing Assets/Ground textures pack/Ground & moss/diffuse.tga using Guid(62bf058d0f2f5df4da1f61da15013f34) Importer(815301076,1909f56bfc062723c751e8b465ee728b)  -> (artifact id: '868d34f3780b01f6c6f321a923a0dfbe') in 0.010608 seconds
  Import took 0.013066 seconds .

========================================================================
Received Import Request.
  Time since last request: 0.009043 seconds.
  path: Assets/Ground textures pack/Ground & rocks 01/preview.jpg
  artifactKey: Guid(e09d437bd6053754dbacb0da105aa9cb) Importer(815301076,1909f56bfc062723c751e8b465ee728b)
Start importing Assets/Ground textures pack/Ground & rocks 01/preview.jpg using Guid(e09d437bd6053754dbacb0da105aa9cb) Importer(815301076,1909f56bfc062723c751e8b465ee728b)  -> (artifact id: 'e9da7cfae7361287165f2c1e17779dba') in 0.010245 seconds
  Import took 0.012741 seconds .

========================================================================
Received Import Request.
  Time since last request: 0.003075 seconds.
  path: Assets/Ground textures pack/Grass 03
  artifactKey: Guid(708dfacab89a9134d80bfaaed04fbe32) Importer(815301076,1909f56bfc062723c751e8b465ee728b)
Start importing Assets/Ground textures pack/Grass 03 using Guid(708dfacab89a9134d80bfaaed04fbe32) Importer(815301076,1909f56bfc062723c751e8b465ee728b)  -> (artifact id: '1ca4854a61f9c025e706b1bcdf87463e') in 0.004785 seconds
  Import took 0.007356 seconds .

========================================================================
Received Import Request.
  Time since last request: 0.003991 seconds.
  path: Assets/Scenes/SampleScene.unity
  artifactKey: Guid(9fc0d4010bbf28b4594072e72b8655ab) Importer(815301076,1909f56bfc062723c751e8b465ee728b)
Start importing Assets/Scenes/SampleScene.unity using Guid(9fc0d4010bbf28b4594072e72b8655ab) Importer(815301076,1909f56bfc062723c751e8b465ee728b)  -> (artifact id: '611ebb829ead810bd9713ff541a5ebbf') in 0.005949 seconds
  Import took 0.007925 seconds .

========================================================================
Received Import Request.
  Time since last request: 0.002515 seconds.
  path: Assets/Ground textures pack/Ground & rocks 03
  artifactKey: Guid(3a744e0ee091d9d4bb573a3d671a23e4) Importer(815301076,1909f56bfc062723c751e8b465ee728b)
Start importing Assets/Ground textures pack/Ground & rocks 03 using Guid(3a744e0ee091d9d4bb573a3d671a23e4) Importer(815301076,1909f56bfc062723c751e8b465ee728b)  -> (artifact id: 'c2023661aabeb54c200faad3a6fe172e') in 0.004917 seconds
  Import took 0.007059 seconds .

========================================================================
Received Import Request.
  Time since last request: 0.013627 seconds.
  path: Assets/Ground textures pack/Grass & dead leafs 02/normal.tga
  artifactKey: Guid(0c64d261e58031345b9844438ceb0af9) Importer(815301076,1909f56bfc062723c751e8b465ee728b)
Start importing Assets/Ground textures pack/Grass & dead leafs 02/normal.tga using Guid(0c64d261e58031345b9844438ceb0af9) Importer(815301076,1909f56bfc062723c751e8b465ee728b)  -> (artifact id: '8d37bb0d9bd4dac806563c0a69e570af') in 0.012383 seconds
  Import took 0.014570 seconds .

========================================================================
Received Import Request.
  Time since last request: 0.006569 seconds.
  path: Assets/Ground textures pack/Ground & rocks 01/diffuse.tga
  artifactKey: Guid(1d1ca9b1ff6a5ce4bbac09d301d51462) Importer(815301076,1909f56bfc062723c751e8b465ee728b)
Start importing Assets/Ground textures pack/Ground & rocks 01/diffuse.tga using Guid(1d1ca9b1ff6a5ce4bbac09d301d51462) Importer(815301076,1909f56bfc062723c751e8b465ee728b)  -> (artifact id: '712f143e083843244e0a97cacde5de02') in 0.010362 seconds
  Import took 0.012717 seconds .

========================================================================
Received Import Request.
  Time since last request: 0.028325 seconds.
  path: Assets/Ground textures pack/Grass & rocks/diffuse.tga
  artifactKey: Guid(12ff3c37d59e28240a8f4643c3ead3d3) Importer(815301076,1909f56bfc062723c751e8b465ee728b)
Start importing Assets/Ground textures pack/Grass & rocks/diffuse.tga using Guid(12ff3c37d59e28240a8f4643c3ead3d3) Importer(815301076,1909f56bfc062723c751e8b465ee728b)  -> (artifact id: '2b429ae9c12b3b1a6ada43f6e37f55e3') in 0.011700 seconds
  Import took 0.014007 seconds .

========================================================================
Received Import Request.
  Time since last request: 0.006736 seconds.
  path: Assets/Ground textures pack/Grass 05/diffuse.tga
  artifactKey: Guid(f0a8168310b10da4faedc474bb26c20f) Importer(815301076,1909f56bfc062723c751e8b465ee728b)
Start importing Assets/Ground textures pack/Grass 05/diffuse.tga using Guid(f0a8168310b10da4faedc474bb26c20f) Importer(815301076,1909f56bfc062723c751e8b465ee728b)  -> (artifact id: '23266cd6a4e5eb2e52aadba567679028') in 0.011355 seconds
  Import took 0.013468 seconds .

========================================================================
Received Import Request.
  Time since last request: 0.005240 seconds.
  path: Assets/Ground textures pack/Grass 02/preview.jpg
  artifactKey: Guid(c3f3938c7c9e3d746a4d01269c0e3bbe) Importer(815301076,1909f56bfc062723c751e8b465ee728b)
Start importing Assets/Ground textures pack/Grass 02/preview.jpg using Guid(c3f3938c7c9e3d746a4d01269c0e3bbe) Importer(815301076,1909f56bfc062723c751e8b465ee728b)  -> (artifact id: '8feb63051782ce6e35bf9396630a15bf') in 0.009097 seconds
  Import took 0.011820 seconds .

========================================================================
Received Import Request.
  Time since last request: 0.005051 seconds.
  path: Assets/Ground textures pack/Ground 01/preview.jpg
  artifactKey: Guid(4e395003c6632ab4a8ad3a08d72ccb21) Importer(815301076,1909f56bfc062723c751e8b465ee728b)
Start importing Assets/Ground textures pack/Ground 01/preview.jpg using Guid(4e395003c6632ab4a8ad3a08d72ccb21) Importer(815301076,1909f56bfc062723c751e8b465ee728b)  -> (artifact id: '9e1985d9c547d2fb0021fc8269ca188e') in 0.008751 seconds
  Import took 0.010988 seconds .

========================================================================
Received Import Request.
  Time since last request: 0.004653 seconds.
  path: Assets/Ground textures pack/Grass 06/Grass pattern 06.mat
  artifactKey: Guid(9dccf2dcc78efe741b7931e3bb85beaf) Importer(815301076,1909f56bfc062723c751e8b465ee728b)
Start importing Assets/Ground textures pack/Grass 06/Grass pattern 06.mat using Guid(9dccf2dcc78efe741b7931e3bb85beaf) Importer(815301076,1909f56bfc062723c751e8b465ee728b)  -> (artifact id: '13fa67f1a3a97c95f7b8a9ebd66e15ef') in 0.014626 seconds
  Import took 0.017362 seconds .

========================================================================
Received Import Request.
  Time since last request: 0.005222 seconds.
  path: Assets/Ground textures pack/Ground & weeds/preview.jpg
  artifactKey: Guid(0eea7651b99559648ab8929cb28e591a) Importer(815301076,1909f56bfc062723c751e8b465ee728b)
Start importing Assets/Ground textures pack/Ground & weeds/preview.jpg using Guid(0eea7651b99559648ab8929cb28e591a) Importer(815301076,1909f56bfc062723c751e8b465ee728b)  -> (artifact id: '939bef0c062081689dfa2ff0127e9034') in 0.008493 seconds
  Import took 0.010791 seconds .

========================================================================
Received Import Request.
  Time since last request: 0.007031 seconds.
  path: Assets/Ground textures pack/Ground 01/normal.tga
  artifactKey: Guid(f49b46ff67c24a84ba0cdb7301ab7337) Importer(815301076,1909f56bfc062723c751e8b465ee728b)
Start importing Assets/Ground textures pack/Ground 01/normal.tga using Guid(f49b46ff67c24a84ba0cdb7301ab7337) Importer(815301076,1909f56bfc062723c751e8b465ee728b)  -> (artifact id: '7bd589efc80fc14ac485c7cd029cb001') in 0.011825 seconds
  Import took 0.014723 seconds .

========================================================================
Received Import Request.
  Time since last request: 0.004577 seconds.
  path: Assets/Ground textures pack/Grass 06/preview.jpg
  artifactKey: Guid(923d402301de9714eb824d8234c30919) Importer(815301076,1909f56bfc062723c751e8b465ee728b)
Start importing Assets/Ground textures pack/Grass 06/preview.jpg using Guid(923d402301de9714eb824d8234c30919) Importer(815301076,1909f56bfc062723c751e8b465ee728b)  -> (artifact id: '00534597ad9f35a1b8c7a5bb75b84b82') in 0.007895 seconds
  Import took 0.010474 seconds .

========================================================================
Received Import Request.
  Time since last request: 0.004211 seconds.
  path: Assets/Ground textures pack/Ground & weeds/Ground & weeds.mat
  artifactKey: Guid(5674184a87d87e54ca8047426601a57b) Importer(815301076,1909f56bfc062723c751e8b465ee728b)
Start importing Assets/Ground textures pack/Ground & weeds/Ground & weeds.mat using Guid(5674184a87d87e54ca8047426601a57b) Importer(815301076,1909f56bfc062723c751e8b465ee728b)  -> (artifact id: '7c7e4502d762ca70e6fa0cb8c9b05b8c') in 0.012417 seconds
  Import took 0.014797 seconds .

========================================================================
Received Import Request.
  Time since last request: 0.003156 seconds.
  path: Assets/Ground textures pack/Ground & rocks 02
  artifactKey: Guid(28e065aa959617648b21212f8a6ba005) Importer(815301076,1909f56bfc062723c751e8b465ee728b)
Start importing Assets/Ground textures pack/Ground & rocks 02 using Guid(28e065aa959617648b21212f8a6ba005) Importer(815301076,1909f56bfc062723c751e8b465ee728b)  -> (artifact id: 'e681319656e186024d4d4815c6b2b68a') in 0.004559 seconds
  Import took 0.006547 seconds .

========================================================================
Received Import Request.
  Time since last request: 0.008995 seconds.
  path: Assets/Ground textures pack/Ground & weeds
  artifactKey: Guid(e07e844aea7316c4e8b9d1cdb1382bad) Importer(815301076,1909f56bfc062723c751e8b465ee728b)
Start importing Assets/Ground textures pack/Ground & weeds using Guid(e07e844aea7316c4e8b9d1cdb1382bad) Importer(815301076,1909f56bfc062723c751e8b465ee728b)  -> (artifact id: 'e93b97f0113ea8b23f41d62401cca2bc') in 0.001286 seconds
  Import took 0.003132 seconds .

========================================================================
Received Import Request.
  Time since last request: 0.004092 seconds.
  path: Assets/Ground textures pack/Grass & dead leafs 02/preview.jpg
  artifactKey: Guid(a9151bfe4152f2748846a0fa52b216be) Importer(815301076,1909f56bfc062723c751e8b465ee728b)
Start importing Assets/Ground textures pack/Grass & dead leafs 02/preview.jpg using Guid(a9151bfe4152f2748846a0fa52b216be) Importer(815301076,1909f56bfc062723c751e8b465ee728b)  -> (artifact id: '0d8019d0a45c98140153ac0a35d7a816') in 0.008162 seconds
  Import took 0.010606 seconds .

========================================================================
Received Import Request.
  Time since last request: 0.011345 seconds.
  path: Assets/Ground textures pack/Grass & rocks/preview.jpg
  artifactKey: Guid(8d88ad474360045458b4fb808dbb4ac9) Importer(815301076,1909f56bfc062723c751e8b465ee728b)
Start importing Assets/Ground textures pack/Grass & rocks/preview.jpg using Guid(8d88ad474360045458b4fb808dbb4ac9) Importer(815301076,1909f56bfc062723c751e8b465ee728b)  -> (artifact id: '555fc0f747abf0b0886dc62b5eda7d7e') in 0.008582 seconds
  Import took 0.010998 seconds .

========================================================================
Received Import Request.
  Time since last request: 0.006081 seconds.
  path: Assets/Ground textures pack/Grass 05/normal.tga
  artifactKey: Guid(f0ec40764219f3f4787df1c70bacf45b) Importer(815301076,1909f56bfc062723c751e8b465ee728b)
Start importing Assets/Ground textures pack/Grass 05/normal.tga using Guid(f0ec40764219f3f4787df1c70bacf45b) Importer(815301076,1909f56bfc062723c751e8b465ee728b)  -> (artifact id: '16bf14246e5171eac41890fb4fc07d58') in 0.008833 seconds
  Import took 0.011378 seconds .

========================================================================
Received Import Request.
  Time since last request: 0.006388 seconds.
  path: Assets/Ground textures pack/Grass & dead leafs 02/diffuse.tga
  artifactKey: Guid(f77d739839b967e44898c8a89688369a) Importer(815301076,1909f56bfc062723c751e8b465ee728b)
Start importing Assets/Ground textures pack/Grass & dead leafs 02/diffuse.tga using Guid(f77d739839b967e44898c8a89688369a) Importer(815301076,1909f56bfc062723c751e8b465ee728b)  -> (artifact id: 'e834ab0a141a4990a96a264e22cc1c47') in 0.010813 seconds
  Import took 0.012939 seconds .

========================================================================
Received Import Request.
  Time since last request: 0.003081 seconds.
  path: Assets/Ground textures pack
  artifactKey: Guid(cbcc6b3bebb20274ba13876238e806c8) Importer(815301076,1909f56bfc062723c751e8b465ee728b)
Start importing Assets/Ground textures pack using Guid(cbcc6b3bebb20274ba13876238e806c8) Importer(815301076,1909f56bfc062723c751e8b465ee728b)  -> (artifact id: 'f8d15e2ac97a6ecd0b530b63018314c0') in 0.004317 seconds
  Import took 0.006305 seconds .

========================================================================
Received Import Request.
  Time since last request: 0.005463 seconds.
  path: Assets/Ground textures pack/Ground & moss/normal.tga
  artifactKey: Guid(a5c98dee3744c1944a469568d41d8eb4) Importer(815301076,1909f56bfc062723c751e8b465ee728b)
Start importing Assets/Ground textures pack/Ground & moss/normal.tga using Guid(a5c98dee3744c1944a469568d41d8eb4) Importer(815301076,1909f56bfc062723c751e8b465ee728b)  -> (artifact id: '93479d632e87a3d27c3f4c6b0e3c178e') in 0.008871 seconds
  Import took 0.010898 seconds .

========================================================================
Received Import Request.
  Time since last request: 0.006920 seconds.
  path: Assets/Ground textures pack/Ground & rocks 02/diffuse.tga
  artifactKey: Guid(3787ecf31b318914f908bb48537ebf10) Importer(815301076,1909f56bfc062723c751e8b465ee728b)
Start importing Assets/Ground textures pack/Ground & rocks 02/diffuse.tga using Guid(3787ecf31b318914f908bb48537ebf10) Importer(815301076,1909f56bfc062723c751e8b465ee728b)  -> (artifact id: 'b75477f9475cada8762065e7f3976475') in 0.009319 seconds
  Import took 0.011372 seconds .

========================================================================
Received Import Request.
  Time since last request: 0.006191 seconds.
  path: Assets/Ground textures pack/Grass 02/diffuse.tga
  artifactKey: Guid(d902345b12dd31e4a83f0c375a540341) Importer(815301076,1909f56bfc062723c751e8b465ee728b)
Start importing Assets/Ground textures pack/Grass 02/diffuse.tga using Guid(d902345b12dd31e4a83f0c375a540341) Importer(815301076,1909f56bfc062723c751e8b465ee728b)  -> (artifact id: '185cacbfe84ec32f3fb55311fa8cf573') in 0.011456 seconds
  Import took 0.014401 seconds .

========================================================================
Received Import Request.
  Time since last request: 0.003124 seconds.
  path: Assets/Ground textures pack/Ground 02
  artifactKey: Guid(0eecec2533f3dcf4d8c836980a7e59a6) Importer(815301076,1909f56bfc062723c751e8b465ee728b)
Start importing Assets/Ground textures pack/Ground 02 using Guid(0eecec2533f3dcf4d8c836980a7e59a6) Importer(815301076,1909f56bfc062723c751e8b465ee728b)  -> (artifact id: '77e0f614802e83928413ccca44be91c4') in 0.004310 seconds
  Import took 0.006420 seconds .

========================================================================
Received Import Request.
  Time since last request: 0.005737 seconds.
  path: Assets/Ground textures pack/Grass 02/normal.tga
  artifactKey: Guid(3449a2e698a0deb44a70dec747a3f8e9) Importer(815301076,1909f56bfc062723c751e8b465ee728b)
Start importing Assets/Ground textures pack/Grass 02/normal.tga using Guid(3449a2e698a0deb44a70dec747a3f8e9) Importer(815301076,1909f56bfc062723c751e8b465ee728b)  -> (artifact id: 'a0040204fd349571d1c6de7b2ba1a7fd') in 0.010121 seconds
  Import took 0.012388 seconds .

========================================================================
Received Import Request.
  Time since last request: 0.003186 seconds.
  path: Assets/Ground textures pack/Grass 01
  artifactKey: Guid(1df6d2419e1f7d940aa9147194d2286c) Importer(815301076,1909f56bfc062723c751e8b465ee728b)
Start importing Assets/Ground textures pack/Grass 01 using Guid(1df6d2419e1f7d940aa9147194d2286c) Importer(815301076,1909f56bfc062723c751e8b465ee728b)  -> (artifact id: 'a49274958a7cc1a890aca1c8b69ceba3') in 0.004027 seconds
  Import took 0.006084 seconds .

========================================================================
Received Import Request.
  Time since last request: 0.004153 seconds.
  path: Assets/Ground textures pack/Grass & rocks/Grass & rocks pattern.mat
  artifactKey: Guid(fedc75da63b32e249bccd7450cd29351) Importer(815301076,1909f56bfc062723c751e8b465ee728b)
Start importing Assets/Ground textures pack/Grass & rocks/Grass & rocks pattern.mat using Guid(fedc75da63b32e249bccd7450cd29351) Importer(815301076,1909f56bfc062723c751e8b465ee728b)  -> (artifact id: '8c394b0cb6cbfb7a94d1a1456980a7fe') in 0.011635 seconds
  Import took 0.014079 seconds .

========================================================================
Received Import Request.
  Time since last request: 0.006375 seconds.
  path: Assets/Ground textures pack/Grass 03/normal.tga
  artifactKey: Guid(9cb8a98194aa15642b2ceaa3011ccde3) Importer(815301076,1909f56bfc062723c751e8b465ee728b)
Start importing Assets/Ground textures pack/Grass 03/normal.tga using Guid(9cb8a98194aa15642b2ceaa3011ccde3) Importer(815301076,1909f56bfc062723c751e8b465ee728b)  -> (artifact id: 'b53289d28b516c4e96f40a0dc0c84153') in 0.010419 seconds
  Import took 0.012672 seconds .

========================================================================
Received Import Request.
  Time since last request: 0.006499 seconds.
  path: Assets/Ground textures pack/Ground & rocks 03/diffuse.tga
  artifactKey: Guid(117cca91456049f4692a3becee93522e) Importer(815301076,1909f56bfc062723c751e8b465ee728b)
Start importing Assets/Ground textures pack/Ground & rocks 03/diffuse.tga using Guid(117cca91456049f4692a3becee93522e) Importer(815301076,1909f56bfc062723c751e8b465ee728b)  -> (artifact id: 'ab5765071b55612f8eeefd05b3e19d8c') in 0.009167 seconds
  Import took 0.011303 seconds .

========================================================================
Received Import Request.
  Time since last request: 0.006695 seconds.
  path: Assets/Ground textures pack/Ground & weeds/diffuse.tga
  artifactKey: Guid(9015343c9bb2cf74083767e91127c98d) Importer(815301076,1909f56bfc062723c751e8b465ee728b)
Start importing Assets/Ground textures pack/Ground & weeds/diffuse.tga using Guid(9015343c9bb2cf74083767e91127c98d) Importer(815301076,1909f56bfc062723c751e8b465ee728b)  -> (artifact id: 'f6b54850ec25de262e4680001f0e3afa') in 0.010612 seconds
  Import took 0.013001 seconds .

========================================================================
Received Import Request.
  Time since last request: 0.005241 seconds.
  path: Assets/Ground textures pack/Ground 01/Ground pattern 01.mat
  artifactKey: Guid(748487d582b00d847bd57517f78d8e8f) Importer(815301076,1909f56bfc062723c751e8b465ee728b)
Start importing Assets/Ground textures pack/Ground 01/Ground pattern 01.mat using Guid(748487d582b00d847bd57517f78d8e8f) Importer(815301076,1909f56bfc062723c751e8b465ee728b)  -> (artifact id: '61057e3c7128221a96df14244d4bc93a') in 0.011425 seconds
  Import took 0.013500 seconds .

========================================================================
Received Import Request.
  Time since last request: 0.006973 seconds.
  path: Assets/Ground textures pack/Ground 02/diffuse.tga
  artifactKey: Guid(cd4f831376722b54bbadd59ef7c6c744) Importer(815301076,1909f56bfc062723c751e8b465ee728b)
Start importing Assets/Ground textures pack/Ground 02/diffuse.tga using Guid(cd4f831376722b54bbadd59ef7c6c744) Importer(815301076,1909f56bfc062723c751e8b465ee728b)  -> (artifact id: 'f8aedb29b5449b936a61e2b0ba951d1f') in 0.009839 seconds
  Import took 0.011899 seconds .

========================================================================
Received Import Request.
  Time since last request: 0.006405 seconds.
  path: Assets/Ground textures pack/Grass 06/normal.tga
  artifactKey: Guid(d06c19850ee13bf4086860fd02cf417d) Importer(815301076,1909f56bfc062723c751e8b465ee728b)
Start importing Assets/Ground textures pack/Grass 06/normal.tga using Guid(d06c19850ee13bf4086860fd02cf417d) Importer(815301076,1909f56bfc062723c751e8b465ee728b)  -> (artifact id: '52cb0df1cf6e8439bcafc1e261cfd3d1') in 0.009379 seconds
  Import took 0.011341 seconds .

========================================================================
Received Import Request.
  Time since last request: 0.005724 seconds.
  path: Assets/Ground textures pack/Ground & rocks 02/preview.jpg
  artifactKey: Guid(54092c753f93b1c42b7b1cd5f3333f93) Importer(815301076,1909f56bfc062723c751e8b465ee728b)
Start importing Assets/Ground textures pack/Ground & rocks 02/preview.jpg using Guid(54092c753f93b1c42b7b1cd5f3333f93) Importer(815301076,1909f56bfc062723c751e8b465ee728b)  -> (artifact id: '31fbdcf2da1d6eee2cc1c315be04d0e2') in 0.007439 seconds
  Import took 0.009487 seconds .

